#
# There is insufficient memory for the Java Runtime Environment to continue.
# Native memory allocation (malloc) failed to allocate 2698416 bytes for Chunk::new
# Possible reasons:
#   The system is out of physical RAM or swap space
#   The process is running with CompressedOops enabled, and the Java Heap may be blocking the growth of the native heap
# Possible solutions:
#   Reduce memory load on the system
#   Increase physical memory or swap space
#   Check if swap backing store is full
#   Decrease Java heap size (-Xmx/-Xms)
#   Decrease number of Java threads
#   Decrease Java thread stack sizes (-Xss)
#   Set larger code cache with -XX:ReservedCodeCacheSize=
#   JVM is running with Unscaled Compressed Oops mode in which the Java heap is
#     placed in the first 4GB address space. The Java Heap base address is the
#     maximum limit for the native heap growth. Please use -XX:HeapBaseMinAddress
#     to set the Java Heap base and to place the Java Heap above 4GB virtual address.
# This output file may be truncated or incomplete.
#
#  Out of Memory Error (allocation.cpp:389), pid=9976, tid=0x0000000000001620
#
# JRE version: Java(TM) SE Runtime Environment (8.0_251-b08) (build 1.8.0_251-b08)
# Java VM: Java HotSpot(TM) 64-Bit Server VM (25.251-b08 mixed mode windows-amd64 compressed oops)
# Failed to write core dump. Minidumps are not enabled by default on client versions of Windows
#

---------------  T H R E A D  ---------------

Current thread (0x0000000017af7000):  JavaThread "C2 CompilerThread0" daemon [_thread_in_native, id=5664, stack(0x0000000018af0000,0x0000000018bf0000)]

Stack: [0x0000000018af0000,0x0000000018bf0000]
[error occurred during error reporting (printing stack bounds), id 0xc0000005]

Native frames: (J=compiled Java code, j=interpreted, Vv=VM code, C=native code)


Current CompileTask:
C2:  23054 7558   !   4       org.springframework.core.annotation.AnnotationUtils::findAnnotation (171 bytes)


---------------  P R O C E S S  ---------------

Java Threads: ( => current thread )
  0x000000001ed84800 JavaThread "localhost-startStop-1" daemon [_thread_in_Java, id=1472, stack(0x0000000020250000,0x0000000020350000)]
  0x000000001ed86000 JavaThread "Tomcat-startStop-1" daemon [_thread_blocked, id=7688, stack(0x000000001e7f0000,0x000000001e8f0000)]
  0x000000001a46a000 JavaThread "Abandoned connection cleanup thread" daemon [_thread_blocked, id=11804, stack(0x000000001bfd0000,0x000000001c0d0000)]
  0x000000001aa23000 JavaThread "restartedMain" [_thread_blocked, id=9964, stack(0x000000001bed0000,0x000000001bfd0000)]
  0x000000001b16a800 JavaThread "Thread-0" [_thread_blocked, id=12104, stack(0x000000001bdd0000,0x000000001bed0000)]
  0x0000000018d00800 JavaThread "Service Thread" daemon [_thread_blocked, id=7228, stack(0x00000000190f0000,0x00000000191f0000)]
  0x0000000017afc800 JavaThread "C1 CompilerThread1" daemon [_thread_blocked, id=9268, stack(0x0000000018bf0000,0x0000000018cf0000)]
=>0x0000000017af7000 JavaThread "C2 CompilerThread0" daemon [_thread_in_native, id=5664, stack(0x0000000018af0000,0x0000000018bf0000)]
  0x0000000017af4000 JavaThread "Attach Listener" daemon [_thread_blocked, id=11984, stack(0x00000000189f0000,0x0000000018af0000)]
  0x0000000017af1800 JavaThread "Signal Dispatcher" daemon [_thread_blocked, id=6916, stack(0x00000000188f0000,0x00000000189f0000)]
  0x0000000017abd000 JavaThread "Finalizer" daemon [_thread_blocked, id=7380, stack(0x00000000186f0000,0x00000000187f0000)]
  0x0000000017ab2800 JavaThread "Reference Handler" daemon [_thread_blocked, id=5532, stack(0x00000000185f0000,0x00000000186f0000)]
  0x000000000138c000 JavaThread "main" [_thread_blocked, id=11880, stack(0x0000000002fe0000,0x00000000030e0000)]

Other Threads:
  0x0000000017a8b800 VMThread [stack: 0x00000000184f0000,0x00000000185f0000] [id=11492]
  0x0000000018d34000 WatcherThread [stack: 0x00000000191f0000,0x00000000192f0000] [id=4056]

VM state:not at safepoint (normal execution)

VM Mutex/Monitor currently owned by a thread: None

heap address: 0x0000000080000000, size: 2048 MB, Compressed Oops mode: 32-bit
Narrow klass base: 0x0000000000000000, Narrow klass shift: 3
Compressed class space size: 1073741824 Address: 0x0000000100000000

Heap:
 PSYoungGen      total 471040K, used 329621K [0x00000000d5580000, 0x0000000100000000, 0x0000000100000000)
  eden space 443904K, 74% used [0x00000000d5580000,0x00000000e9765470,0x00000000f0700000)
  from space 27136K, 0% used [0x00000000f0700000,0x00000000f0700000,0x00000000f2180000)
  to   space 28160K, 0% used [0x00000000fe480000,0x00000000fe480000,0x0000000100000000)
 ParOldGen       total 134144K, used 46525K [0x0000000080000000, 0x0000000088300000, 0x00000000d5580000)
  object space 134144K, 34% used [0x0000000080000000,0x0000000082d6f528,0x0000000088300000)
 Metaspace       used 61377K, capacity 63284K, committed 63448K, reserved 1103872K
  class space    used 7810K, capacity 8189K, committed 8192K, reserved 1048576K

Card table byte_map: [0x00000000124a0000,0x00000000128b0000] byte_map_base: 0x00000000120a0000

Marking Bits: (ParMarkBitMap*) 0x000000007596af90
 Begin Bits: [0x0000000012d60000, 0x0000000014d60000)
 End Bits:   [0x0000000014d60000, 0x0000000016d60000)

Polling page: 0x0000000002d40000

CodeCache: size=245760Kb used=21974Kb max_used=22953Kb free=223785Kb
 bounds [0x00000000030e0000, 0x0000000004760000, 0x00000000120e0000]
 total_blobs=7147 nmethods=6595 adapters=464
 compilation: enabled

Compilation events (10 events):
Event: 23.028 Thread 0x0000000017afc800 7620       2       sun.reflect.generics.tree.TypeVariableSignature::make (9 bytes)
Event: 23.028 Thread 0x0000000017afc800 nmethod 7620 0x000000000408d490 code [0x000000000408d5e0, 0x000000000408d770]
Event: 23.029 Thread 0x0000000017afc800 7621       2       sun.reflect.generics.parser.SignatureParser::parseTypeVariableSignature (93 bytes)
Event: 23.029 Thread 0x0000000017afc800 nmethod 7621 0x00000000034cb7d0 code [0x00000000034cb9c0, 0x00000000034cbe58]
Event: 23.030 Thread 0x0000000017afc800 7622       2       org.springframework.beans.factory.support.DisposableBeanAdapter::hasApplicableProcessors (64 bytes)
Event: 23.030 Thread 0x0000000017afc800 nmethod 7622 0x00000000037723d0 code [0x0000000003772580, 0x0000000003772948]
Event: 23.032 Thread 0x0000000017afc800 7623       2       org.springframework.aop.aspectj.annotation.AnnotationAwareAspectJAutoProxyCreator::findCandidateAdvisors (28 bytes)
Event: 23.033 Thread 0x0000000017afc800 nmethod 7623 0x000000000437c250 code [0x000000000437c3e0, 0x000000000437c678]
Event: 23.035 Thread 0x0000000017afc800 7624       1       org.springframework.beans.factory.support.AbstractAutowireCapableBeanFactory::getParameterNameDiscoverer (5 bytes)
Event: 23.035 Thread 0x0000000017afc800 nmethod 7624 0x0000000004249ad0 code [0x0000000004249c20, 0x0000000004249d30]

GC Heap History (10 events):
Event: 10.924 GC heap before
{Heap before GC invocations=10 (full 2):
 PSYoungGen      total 370176K, used 14846K [0x00000000d5580000, 0x00000000f1480000, 0x0000000100000000)
  eden space 355328K, 0% used [0x00000000d5580000,0x00000000d5580000,0x00000000eb080000)
  from space 14848K, 99% used [0x00000000ec180000,0x00000000ecfffbb8,0x00000000ed000000)
  to   space 17408K, 0% used [0x00000000eb080000,0x00000000eb080000,0x00000000ec180000)
 ParOldGen       total 59392K, used 14634K [0x0000000080000000, 0x0000000083a00000, 0x00000000d5580000)
  object space 59392K, 24% used [0x0000000080000000,0x0000000080e4a9a8,0x0000000083a00000)
 Metaspace       used 34079K, capacity 35332K, committed 35416K, reserved 1079296K
  class space    used 4428K, capacity 4683K, committed 4736K, reserved 1048576K
Event: 11.105 GC heap after
Heap after GC invocations=10 (full 2):
 PSYoungGen      total 370176K, used 0K [0x00000000d5580000, 0x00000000f1480000, 0x0000000100000000)
  eden space 355328K, 0% used [0x00000000d5580000,0x00000000d5580000,0x00000000eb080000)
  from space 14848K, 0% used [0x00000000ec180000,0x00000000ec180000,0x00000000ed000000)
  to   space 17408K, 0% used [0x00000000eb080000,0x00000000eb080000,0x00000000ec180000)
 ParOldGen       total 92160K, used 20740K [0x0000000080000000, 0x0000000085a00000, 0x00000000d5580000)
  object space 92160K, 22% used [0x0000000080000000,0x00000000814413b0,0x0000000085a00000)
 Metaspace       used 34079K, capacity 35332K, committed 35416K, reserved 1079296K
  class space    used 4428K, capacity 4683K, committed 4736K, reserved 1048576K
}
Event: 15.530 GC heap before
{Heap before GC invocations=11 (full 2):
 PSYoungGen      total 370176K, used 355328K [0x00000000d5580000, 0x00000000f1480000, 0x0000000100000000)
  eden space 355328K, 100% used [0x00000000d5580000,0x00000000eb080000,0x00000000eb080000)
  from space 14848K, 0% used [0x00000000ec180000,0x00000000ec180000,0x00000000ed000000)
  to   space 17408K, 0% used [0x00000000eb080000,0x00000000eb080000,0x00000000ec180000)
 ParOldGen       total 92160K, used 20740K [0x0000000080000000, 0x0000000085a00000, 0x00000000d5580000)
  object space 92160K, 22% used [0x0000000080000000,0x00000000814413b0,0x0000000085a00000)
 Metaspace       used 45116K, capacity 46506K, committed 46680K, reserved 1089536K
  class space    used 5958K, capacity 6256K, committed 6272K, reserved 1048576K
Event: 15.560 GC heap after
Heap after GC invocations=11 (full 2):
 PSYoungGen      total 372736K, used 14636K [0x00000000d5580000, 0x00000000f3380000, 0x0000000100000000)
  eden space 355328K, 0% used [0x00000000d5580000,0x00000000d5580000,0x00000000eb080000)
  from space 17408K, 84% used [0x00000000eb080000,0x00000000ebecb180,0x00000000ec180000)
  to   space 18432K, 0% used [0x00000000f2180000,0x00000000f2180000,0x00000000f3380000)
 ParOldGen       total 92160K, used 20740K [0x0000000080000000, 0x0000000085a00000, 0x00000000d5580000)
  object space 92160K, 22% used [0x0000000080000000,0x00000000814413b0,0x0000000085a00000)
 Metaspace       used 45116K, capacity 46506K, committed 46680K, reserved 1089536K
  class space    used 5958K, capacity 6256K, committed 6272K, reserved 1048576K
}
Event: 19.432 GC heap before
{Heap before GC invocations=12 (full 2):
 PSYoungGen      total 372736K, used 369964K [0x00000000d5580000, 0x00000000f3380000, 0x0000000100000000)
  eden space 355328K, 100% used [0x00000000d5580000,0x00000000eb080000,0x00000000eb080000)
  from space 17408K, 84% used [0x00000000eb080000,0x00000000ebecb180,0x00000000ec180000)
  to   space 18432K, 0% used [0x00000000f2180000,0x00000000f2180000,0x00000000f3380000)
 ParOldGen       total 92160K, used 20740K [0x0000000080000000, 0x0000000085a00000, 0x00000000d5580000)
  object space 92160K, 22% used [0x0000000080000000,0x00000000814413b0,0x0000000085a00000)
 Metaspace       used 56259K, capacity 57808K, committed 58200K, reserved 1099776K
  class space    used 7158K, capacity 7497K, committed 7552K, reserved 1048576K
Event: 19.572 GC heap after
Heap after GC invocations=12 (full 2):
 PSYoungGen      total 462336K, used 18408K [0x00000000d5580000, 0x00000000f5180000, 0x0000000100000000)
  eden space 443904K, 0% used [0x00000000d5580000,0x00000000d5580000,0x00000000f0700000)
  from space 18432K, 99% used [0x00000000f2180000,0x00000000f337a090,0x00000000f3380000)
  to   space 27136K, 0% used [0x00000000f0700000,0x00000000f0700000,0x00000000f2180000)
 ParOldGen       total 92160K, used 37126K [0x0000000080000000, 0x0000000085a00000, 0x00000000d5580000)
  object space 92160K, 40% used [0x0000000080000000,0x00000000824418a0,0x0000000085a00000)
 Metaspace       used 56259K, capacity 57808K, committed 58200K, reserved 1099776K
  class space    used 7158K, capacity 7497K, committed 7552K, reserved 1048576K
}
Event: 19.977 GC heap before
{Heap before GC invocations=13 (full 2):
 PSYoungGen      total 462336K, used 74640K [0x00000000d5580000, 0x00000000f5180000, 0x0000000100000000)
  eden space 443904K, 12% used [0x00000000d5580000,0x00000000d8c6a0e0,0x00000000f0700000)
  from space 18432K, 99% used [0x00000000f2180000,0x00000000f337a090,0x00000000f3380000)
  to   space 27136K, 0% used [0x00000000f0700000,0x00000000f0700000,0x00000000f2180000)
 ParOldGen       total 92160K, used 37126K [0x0000000080000000, 0x0000000085a00000, 0x00000000d5580000)
  object space 92160K, 40% used [0x0000000080000000,0x00000000824418a0,0x0000000085a00000)
 Metaspace       used 57044K, capacity 58894K, committed 59028K, reserved 1101824K
  class space    used 7286K, capacity 7648K, committed 7680K, reserved 1048576K
Event: 20.104 GC heap after
Heap after GC invocations=13 (full 2):
 PSYoungGen      total 471040K, used 19767K [0x00000000d5580000, 0x0000000100000000, 0x0000000100000000)
  eden space 443904K, 0% used [0x00000000d5580000,0x00000000d5580000,0x00000000f0700000)
  from space 27136K, 72% used [0x00000000f0700000,0x00000000f1a4de28,0x00000000f2180000)
  to   space 28160K, 0% used [0x00000000fe480000,0x00000000fe480000,0x0000000100000000)
 ParOldGen       total 92160K, used 37134K [0x0000000080000000, 0x0000000085a00000, 0x00000000d5580000)
  object space 92160K, 40% used [0x0000000080000000,0x00000000824438a0,0x0000000085a00000)
 Metaspace       used 57044K, capacity 58894K, committed 59028K, reserved 1101824K
  class space    used 7286K, capacity 7648K, committed 7680K, reserved 1048576K
}
Event: 20.104 GC heap before
{Heap before GC invocations=14 (full 3):
 PSYoungGen      total 471040K, used 19767K [0x00000000d5580000, 0x0000000100000000, 0x0000000100000000)
  eden space 443904K, 0% used [0x00000000d5580000,0x00000000d5580000,0x00000000f0700000)
  from space 27136K, 72% used [0x00000000f0700000,0x00000000f1a4de28,0x00000000f2180000)
  to   space 28160K, 0% used [0x00000000fe480000,0x00000000fe480000,0x0000000100000000)
 ParOldGen       total 92160K, used 37134K [0x0000000080000000, 0x0000000085a00000, 0x00000000d5580000)
  object space 92160K, 40% used [0x0000000080000000,0x00000000824438a0,0x0000000085a00000)
 Metaspace       used 57044K, capacity 58894K, committed 59028K, reserved 1101824K
  class space    used 7286K, capacity 7648K, committed 7680K, reserved 1048576K
Event: 20.531 GC heap after
Heap after GC invocations=14 (full 3):
 PSYoungGen      total 471040K, used 0K [0x00000000d5580000, 0x0000000100000000, 0x0000000100000000)
  eden space 443904K, 0% used [0x00000000d5580000,0x00000000d5580000,0x00000000f0700000)
  from space 27136K, 0% used [0x00000000f0700000,0x00000000f0700000,0x00000000f2180000)
  to   space 28160K, 0% used [0x00000000fe480000,0x00000000fe480000,0x0000000100000000)
 ParOldGen       total 134144K, used 46525K [0x0000000080000000, 0x0000000088300000, 0x00000000d5580000)
  object space 134144K, 34% used [0x0000000080000000,0x0000000082d6f528,0x0000000088300000)
 Metaspace       used 57036K, capacity 58882K, committed 59028K, reserved 1101824K
  class space    used 7285K, capacity 7646K, committed 7680K, reserved 1048576K
}

Deoptimization events (10 events):
Event: 22.301 Thread 0x000000001ed84800 Uncommon trap: reason=unstable_if action=reinterpret pc=0x0000000003716c48 method=com.sun.org.apache.xerces.internal.util.SymbolTable.addSymbol([CII)Ljava/lang/String; @ 64
Event: 22.303 Thread 0x000000001ed84800 Uncommon trap: reason=class_check action=maybe_recompile pc=0x0000000003d22be8 method=com.sun.org.apache.xerces.internal.impl.XMLDocumentFragmentScannerImpl.scanEndElement()I @ 145
Event: 22.303 Thread 0x000000001ed84800 Uncommon trap: reason=class_check action=maybe_recompile pc=0x0000000003d22be8 method=com.sun.org.apache.xerces.internal.impl.XMLDocumentFragmentScannerImpl.scanEndElement()I @ 145
Event: 22.303 Thread 0x000000001ed84800 Uncommon trap: reason=class_check action=maybe_recompile pc=0x0000000003d22be8 method=com.sun.org.apache.xerces.internal.impl.XMLDocumentFragmentScannerImpl.scanEndElement()I @ 145
Event: 22.303 Thread 0x000000001ed84800 Uncommon trap: reason=class_check action=maybe_recompile pc=0x0000000003d22be8 method=com.sun.org.apache.xerces.internal.impl.XMLDocumentFragmentScannerImpl.scanEndElement()I @ 145
Event: 22.315 Thread 0x000000001ed84800 Uncommon trap: reason=unstable_if action=reinterpret pc=0x00000000036d3df8 method=com.sun.org.apache.xerces.internal.impl.XMLEntityScanner.peekChar()I @ 14
Event: 22.421 Thread 0x000000001ed84800 Uncommon trap: reason=unstable_if action=reinterpret pc=0x000000000373dbfc method=com.sun.org.apache.xerces.internal.impl.io.UTF8Reader.read([CII)I @ 131
Event: 22.583 Thread 0x000000001ed84800 Uncommon trap: reason=unstable_if action=reinterpret pc=0x000000000346e19c method=java.util.Properties$LineReader.readLine()I @ 457
Event: 22.586 Thread 0x000000001ed84800 Uncommon trap: reason=unstable_if action=reinterpret pc=0x0000000003922bcc method=java.util.Properties.load0(Ljava/util/Properties$LineReader;)V @ 80
Event: 22.980 Thread 0x000000001ed84800 Uncommon trap: reason=bimorphic action=maybe_recompile pc=0x0000000003cb5fbc method=org.springframework.asm.ClassReader.readCode(Lorg/springframework/asm/MethodVisitor;Lorg/springframework/asm/Context;I)V @ 1855

Classes redefined (0 events):
No events

Internal exceptions (10 events):
Event: 23.008 Thread 0x000000001ed84800 Exception <a 'java/lang/ClassNotFoundException': java/lang/ObjectCustomizer> (0x00000000e8f46148) thrown at [C:\jenkins\workspace\8-2-build-windows-amd64-cygwin\jdk8u251\737\hotspot\src\share\vm\classfile\systemDictionary.cpp, line 210]
Event: 23.009 Thread 0x000000001ed84800 Exception <a 'java/lang/ClassNotFoundException': org/springframework/security/config/annotation/authentication/configuration/GlobalAuthenticationConfigurerAdapterCustomizer> (0x00000000e8fe8f38) thrown at [C:\jenkins\workspace\8-2-build-windows-amd64-cygw
Event: 23.012 Thread 0x000000001ed84800 Exception <a 'java/lang/ClassNotFoundException': org/springframework/security/config/annotation/authentication/configuration/InitializeUserDetailsBeanManagerConfigurerCustomizer> (0x00000000e9090e58) thrown at [C:\jenkins\workspace\8-2-build-windows-amd64
Event: 23.013 Thread 0x000000001ed84800 Exception <a 'java/lang/ClassNotFoundException': org/springframework/security/config/annotation/SecurityConfigurerCustomizer> (0x00000000e90fe3a0) thrown at [C:\jenkins\workspace\8-2-build-windows-amd64-cygwin\jdk8u251\737\hotspot\src\share\vm\classfile\s
Event: 23.022 Thread 0x000000001ed84800 Exception <a 'java/lang/ClassNotFoundException': java/lang/ObjectCustomizer> (0x00000000e916cc20) thrown at [C:\jenkins\workspace\8-2-build-windows-amd64-cygwin\jdk8u251\737\hotspot\src\share\vm\classfile\systemDictionary.cpp, line 210]
Event: 23.023 Thread 0x000000001ed84800 Exception <a 'java/lang/ClassNotFoundException': org/springframework/security/config/annotation/authentication/configuration/GlobalAuthenticationConfigurerAdapterCustomizer> (0x00000000e920fa10) thrown at [C:\jenkins\workspace\8-2-build-windows-amd64-cygw
Event: 23.026 Thread 0x000000001ed84800 Exception <a 'java/lang/ClassNotFoundException': org/springframework/security/config/annotation/authentication/configuration/InitializeAuthenticationProviderBeanManagerConfigurerCustomizer> (0x00000000e92c4b60) thrown at [C:\jenkins\workspace\8-2-build-wi
Event: 23.027 Thread 0x000000001ed84800 Exception <a 'java/lang/ClassNotFoundException': org/springframework/security/config/annotation/SecurityConfigurerCustomizer> (0x00000000e93321f8) thrown at [C:\jenkins\workspace\8-2-build-windows-amd64-cygwin\jdk8u251\737\hotspot\src\share\vm\classfile\s
Event: 23.045 Thread 0x000000001ed84800 Exception <a 'java/lang/ClassNotFoundException': java/lang/ObjectCustomizer> (0x00000000e944c4c8) thrown at [C:\jenkins\workspace\8-2-build-windows-amd64-cygwin\jdk8u251\737\hotspot\src\share\vm\classfile\systemDictionary.cpp, line 210]
Event: 23.047 Thread 0x000000001ed84800 Exception <a 'java/lang/ClassNotFoundException': com/discom/springmvc/configuration/CustomUserDetailsServiceCustomizer> (0x00000000e94b47d8) thrown at [C:\jenkins\workspace\8-2-build-windows-amd64-cygwin\jdk8u251\737\hotspot\src\share\vm\classfile\systemD

Events (10 events):
Event: 23.046 loading class com/discom/springmvc/configuration/CustomUserDetailsServiceCustomizer
Event: 23.046 loading class com/discom/springmvc/configuration/CustomUserDetailsServiceCustomizer done
Event: 23.046 loading class com/discom/springmvc/configuration/CustomUserDetailsServiceCustomizer
Event: 23.046 loading class com/discom/springmvc/configuration/CustomUserDetailsServiceCustomizer done
Event: 23.047 loading class com/discom/springmvc/configuration/CustomUserDetailsServiceCustomizer
Event: 23.047 loading class com/discom/springmvc/configuration/CustomUserDetailsServiceCustomizer done
Event: 23.047 loading class org/springframework/security/core/userdetails/UserDetailsServiceCustomizer
Event: 23.047 loading class org/springframework/security/core/userdetails/UserDetailsServiceCustomizer done
Event: 23.048 loading class org/springframework/security/core/userdetails/UserDetailsServiceCustomizer
Event: 23.048 loading class org/springframework/security/core/userdetails/UserDetailsServiceCustomizer done


Dynamic libraries:
0x00007ff6c65f0000 - 0x00007ff6c6627000 	C:\Program Files\Java\jdk1.8.0_251\bin\javaw.exe
0x00007ffdc0ed0000 - 0x00007ffdc10c5000 	C:\WINDOWS\SYSTEM32\ntdll.dll
0x00007ffdc0d30000 - 0x00007ffdc0dee000 	C:\WINDOWS\System32\KERNEL32.DLL
0x00007ffdbe770000 - 0x00007ffdbea38000 	C:\WINDOWS\System32\KERNELBASE.dll
0x00007ffdbbf40000 - 0x00007ffdbbfd0000 	C:\WINDOWS\SYSTEM32\apphelp.dll
0x00007ffdc0340000 - 0x00007ffdc03ec000 	C:\WINDOWS\System32\ADVAPI32.dll
0x00007ffdc0df0000 - 0x00007ffdc0e8e000 	C:\WINDOWS\System32\msvcrt.dll
0x00007ffdc00c0000 - 0x00007ffdc015b000 	C:\WINDOWS\System32\sechost.dll
0x00007ffdbef10000 - 0x00007ffdbf03a000 	C:\WINDOWS\System32\RPCRT4.dll
0x00007ffdbfe80000 - 0x00007ffdc0021000 	C:\WINDOWS\System32\USER32.dll
0x00007ffdbeee0000 - 0x00007ffdbef02000 	C:\WINDOWS\System32\win32u.dll
0x00007ffdc0680000 - 0x00007ffdc06ab000 	C:\WINDOWS\System32\GDI32.dll
0x00007ffdbe5e0000 - 0x00007ffdbe6ed000 	C:\WINDOWS\System32\gdi32full.dll
0x00007ffdbed30000 - 0x00007ffdbedcd000 	C:\WINDOWS\System32\msvcp_win.dll
0x00007ffdbeba0000 - 0x00007ffdbeca0000 	C:\WINDOWS\System32\ucrtbase.dll
0x00007ffd9fa90000 - 0x00007ffd9fd2a000 	C:\WINDOWS\WinSxS\amd64_microsoft.windows.common-controls_6595b64144ccf1df_6.0.19041.1110_none_60b5254171f9507e\COMCTL32.dll
0x00007ffdc0090000 - 0x00007ffdc00c0000 	C:\WINDOWS\System32\IMM32.DLL
0x00000000759f0000 - 0x0000000075ac2000 	C:\Program Files\Java\jdk1.8.0_251\jre\bin\msvcr100.dll
0x0000000075140000 - 0x00000000759eb000 	C:\Program Files\Java\jdk1.8.0_251\jre\bin\server\jvm.dll
0x00007ffdc01f0000 - 0x00007ffdc01f8000 	C:\WINDOWS\System32\PSAPI.DLL
0x00007ffdb65f0000 - 0x00007ffdb65f9000 	C:\WINDOWS\SYSTEM32\WSOCK32.dll
0x00007ffd9e780000 - 0x00007ffd9e7a7000 	C:\WINDOWS\SYSTEM32\WINMM.dll
0x00007ffdc0cc0000 - 0x00007ffdc0d2b000 	C:\WINDOWS\System32\WS2_32.dll
0x00007ffdb74d0000 - 0x00007ffdb74da000 	C:\WINDOWS\SYSTEM32\VERSION.dll
0x00007ffdba410000 - 0x00007ffdba41f000 	C:\Program Files\Java\jdk1.8.0_251\jre\bin\verify.dll
0x00007ffdb5dc0000 - 0x00007ffdb5de9000 	C:\Program Files\Java\jdk1.8.0_251\jre\bin\java.dll
0x00007ffdb3ea0000 - 0x00007ffdb3eb6000 	C:\Program Files\Java\jdk1.8.0_251\jre\bin\zip.dll
0x00007ffdbf2b0000 - 0x00007ffdbf9f4000 	C:\WINDOWS\System32\SHELL32.dll
0x00007ffdbc6f0000 - 0x00007ffdbce84000 	C:\WINDOWS\SYSTEM32\windows.storage.dll
0x00007ffdc0940000 - 0x00007ffdc0c95000 	C:\WINDOWS\System32\combase.dll
0x00007ffdbdfe0000 - 0x00007ffdbe00e000 	C:\WINDOWS\SYSTEM32\Wldp.dll
0x00007ffdc0280000 - 0x00007ffdc032d000 	C:\WINDOWS\System32\SHCORE.dll
0x00007ffdc0830000 - 0x00007ffdc0885000 	C:\WINDOWS\System32\shlwapi.dll
0x00007ffdbe520000 - 0x00007ffdbe53f000 	C:\WINDOWS\SYSTEM32\profapi.dll
0x00007ffd9dcf0000 - 0x00007ffd9dd0a000 	C:\Program Files\Java\jdk1.8.0_251\jre\bin\net.dll
0x00007ffdbdcc0000 - 0x00007ffdbdd2a000 	C:\WINDOWS\system32\mswsock.dll
0x00007ffdbd9b0000 - 0x00007ffdbd9eb000 	C:\WINDOWS\SYSTEM32\IPHLPAPI.DLL
0x00007ffdc05a0000 - 0x00007ffdc05a8000 	C:\WINDOWS\System32\NSI.dll
0x00007ffdb8790000 - 0x00007ffdb87a7000 	C:\WINDOWS\SYSTEM32\dhcpcsvc6.DLL
0x00007ffdb8710000 - 0x00007ffdb872d000 	C:\WINDOWS\SYSTEM32\dhcpcsvc.DLL
0x00007ffdbd9f0000 - 0x00007ffdbdabb000 	C:\WINDOWS\SYSTEM32\DNSAPI.dll
0x00007ffdb5ef0000 - 0x00007ffdb5efa000 	C:\Windows\System32\rasadhlp.dll
0x00007ffdb79c0000 - 0x00007ffdb7a3f000 	C:\WINDOWS\System32\fwpuclnt.dll
0x00007ffdbe6f0000 - 0x00007ffdbe717000 	C:\WINDOWS\System32\bcrypt.dll
0x00007ffdb5d50000 - 0x00007ffdb5d5d000 	C:\Program Files\Java\jdk1.8.0_251\jre\bin\management.dll
0x00007ffd9dc10000 - 0x00007ffd9dc22000 	C:\Program Files\Java\jdk1.8.0_251\jre\bin\nio.dll
0x00007ffdb1400000 - 0x00007ffdb1417000 	C:\WINDOWS\system32\napinsp.dll
0x00007ffdb13e0000 - 0x00007ffdb13fb000 	C:\WINDOWS\system32\pnrpnsp.dll
0x00007ffdb11a0000 - 0x00007ffdb11b5000 	C:\WINDOWS\system32\wshbth.dll
0x00007ffdba3c0000 - 0x00007ffdba3dd000 	C:\WINDOWS\system32\NLAapi.dll
0x00007ffdae630000 - 0x00007ffdae642000 	C:\WINDOWS\System32\winrnr.dll
0x00007ffdbdf10000 - 0x00007ffdbdf28000 	C:\WINDOWS\SYSTEM32\CRYPTSP.dll
0x00007ffdbd640000 - 0x00007ffdbd674000 	C:\WINDOWS\system32\rsaenh.dll
0x00007ffdbe4e0000 - 0x00007ffdbe50e000 	C:\WINDOWS\SYSTEM32\USERENV.dll
0x00007ffdbeca0000 - 0x00007ffdbed22000 	C:\WINDOWS\System32\bcryptprimitives.dll
0x00007ffdbdf30000 - 0x00007ffdbdf3c000 	C:\WINDOWS\SYSTEM32\CRYPTBASE.dll

VM Arguments:
jvm_args: -Dfile.encoding=UTF-8 
java_command: com.discom.springboot.AdminApp
java_class_path (initial): C:\Development\Scheduling\Java code\admin-service\target\classes;C:\Users\gaurav\.m2\repository\org\springframework\boot\spring-boot-starter-web\2.0.6.RELEASE\spring-boot-starter-web-2.0.6.RELEASE.jar;C:\Users\gaurav\.m2\repository\org\springframework\boot\spring-boot-starter\2.0.6.RELEASE\spring-boot-starter-2.0.6.RELEASE.jar;C:\Users\gaurav\.m2\repository\org\springframework\boot\spring-boot-starter-logging\2.0.6.RELEASE\spring-boot-starter-logging-2.0.6.RELEASE.jar;C:\Users\gaurav\.m2\repository\org\apache\logging\log4j\log4j-to-slf4j\2.10.0\log4j-to-slf4j-2.10.0.jar;C:\Users\gaurav\.m2\repository\org\apache\logging\log4j\log4j-api\2.10.0\log4j-api-2.10.0.jar;C:\Users\gaurav\.m2\repository\javax\annotation\javax.annotation-api\1.3.2\javax.annotation-api-1.3.2.jar;C:\Users\gaurav\.m2\repository\org\yaml\snakeyaml\1.19\snakeyaml-1.19.jar;C:\Users\gaurav\.m2\repository\org\springframework\boot\spring-boot-starter-json\2.0.6.RELEASE\spring-boot-starter-json-2.0.6.RELEASE.jar;C:\Users\gaurav\.m2\repository\com\fasterxml\jackson\datatype\jackson-datatype-jdk8\2.9.7\jackson-datatype-jdk8-2.9.7.jar;C:\Users\gaurav\.m2\repository\com\fasterxml\jackson\datatype\jackson-datatype-jsr310\2.9.7\jackson-datatype-jsr310-2.9.7.jar;C:\Users\gaurav\.m2\repository\com\fasterxml\jackson\module\jackson-module-parameter-names\2.9.7\jackson-module-parameter-names-2.9.7.jar;C:\Users\gaurav\.m2\repository\org\springframework\boot\spring-boot-starter-tomcat\2.0.6.RELEASE\spring-boot-starter-tomcat-2.0.6.RELEASE.jar;C:\Users\gaurav\.m2\repository\org\apache\tomcat\embed\tomcat-embed-websocket\8.5.34\tomcat-embed-websocket-8.5.34.jar;C:\Users\gaurav\.m2\repository\org\hibernate\validator\hibernate-validator\6.0.13.Final\hibernate-validator-6.0.13.Final.jar;C:\Users\gaurav\.m2\repository\org\springframework\spring-web\5.0.10.RELEASE\spring-web-5.0.10.RELEASE.jar;C:\Users\gaurav\.m2\repository\org\springframework\spring-webmvc\5.0.10.RELEASE\spring-webmvc-5.0.10.RE
Launcher Type: SUN_STANDARD

Environment Variables:
PATH=C:/STS/sts-4.13.0.RELEASE//plugins/org.eclipse.justj.openjdk.hotspot.jre.full.win32.x86_64_17.0.1.v20211116-1657/jre/bin/server;C:/STS/sts-4.13.0.RELEASE//plugins/org.eclipse.justj.openjdk.hotspot.jre.full.win32.x86_64_17.0.1.v20211116-1657/jre/bin;C:\Program Files\Microsoft\jdk-11.0.13.8-hotspot\bin;C:\Python39\Scripts\;C:\Python39\;C:\Users\gaurav\AppData\Roaming\ActiveState\bin;C:\Program Files (x86)\Common Files\Oracle\Java\javapath;C:\windows\system32;C:\windows;C:\windows\System32\Wbem;C:\windows\System32\WindowsPowerShell\v1.0\;C:\windows\System32\OpenSSH\;C:\Program Files\TortoiseSVN\bin;C:\WINDOWS\system32;C:\WINDOWS;C:\WINDOWS\System32\Wbem;C:\WINDOWS\System32\WindowsPowerShell\v1.0\;C:\WINDOWS\System32\OpenSSH\;C:\Program Files\PuTTY\;C:\Program Files\nodejs\;C:\ProgramData\chocolatey\bin;C:\Users\gaurav\AppData\Local\Microsoft\WindowsApps;;C:\Program Files\JetBrains\IntelliJ IDEA 2019.3.4\bin;;C:\Users\gaurav\AppData\Local\Programs\Microsoft VS Code\bin;C:\Users\gaurav\AppData\Roaming\npm;C:\STS\sts-4.13.0.RELEASE;
USERNAME=gaurav
OS=Windows_NT
PROCESSOR_IDENTIFIER=Intel64 Family 6 Model 63 Stepping 2, GenuineIntel



---------------  S Y S T E M  ---------------

OS: Windows 10.0 , 64 bit Build 19041 (10.0.19041.1348)

CPU:total 2 (initial active 2) (2 cores per cpu, 1 threads per core) family 6 model 63 stepping 2, cmov, cx8, fxsr, mmx, sse, sse2, sse3, ssse3, sse4.1, sse4.2, popcnt, avx, avx2, aes, clmul, erms, lzcnt, tsc, bmi1, bmi2

Memory: 4k page, physical 8388148k(1074796k free), swap 10485040k(5632k free)

vm_info: Java HotSpot(TM) 64-Bit Server VM (25.251-b08) for windows-amd64 JRE (1.8.0_251-b08), built on Mar 12 2020 06:31:49 by "" with MS VC++ 10.0 (VS2010)

time: Wed Dec 22 13:22:10 2021
timezone: India Standard Time
elapsed time: 23 seconds (0d 0h 0m 23s)

