#
# There is insufficient memory for the Java Runtime Environment to continue.
# Native memory allocation (malloc) failed to allocate 1157136 bytes for Chunk::new
# Possible reasons:
#   The system is out of physical RAM or swap space
#   The process is running with CompressedOops enabled, and the Java Heap may be blocking the growth of the native heap
# Possible solutions:
#   Reduce memory load on the system
#   Increase physical memory or swap space
#   Check if swap backing store is full
#   Decrease Java heap size (-Xmx/-Xms)
#   Decrease number of Java threads
#   Decrease Java thread stack sizes (-Xss)
#   Set larger code cache with -XX:ReservedCodeCacheSize=
#   JVM is running with Unscaled Compressed Oops mode in which the Java heap is
#     placed in the first 4GB address space. The Java Heap base address is the
#     maximum limit for the native heap growth. Please use -XX:HeapBaseMinAddress
#     to set the Java Heap base and to place the Java Heap above 4GB virtual address.
# This output file may be truncated or incomplete.
#
#  Out of Memory Error (allocation.cpp:389), pid=6256, tid=0x00000000000024dc
#
# JRE version: Java(TM) SE Runtime Environment (8.0_251-b08) (build 1.8.0_251-b08)
# Java VM: Java HotSpot(TM) 64-Bit Server VM (25.251-b08 mixed mode windows-amd64 compressed oops)
# Failed to write core dump. Minidumps are not enabled by default on client versions of Windows
#

---------------  T H R E A D  ---------------

Current thread (0x0000000017757000):  JavaThread "C2 CompilerThread0" daemon [_thread_in_native, id=9436, stack(0x0000000018750000,0x0000000018850000)]

Stack: [0x0000000018750000,0x0000000018850000]
[error occurred during error reporting (printing stack bounds), id 0xc0000005]

Native frames: (J=compiled Java code, j=interpreted, Vv=VM code, C=native code)


Current CompileTask:
C2: 560109 11877       4       org.springframework.core.ResolvableType::equals (157 bytes)


---------------  P R O C E S S  ---------------

Java Threads: ( => current thread )
  0x000000001e502800 JavaThread "AsyncResolver-bootstrap-executor-0" daemon [_thread_blocked, id=6628, stack(0x000000001ba30000,0x000000001bb30000)]
  0x000000001e4fb000 JavaThread "DiscoveryClient-HeartbeatExecutor-0" daemon [_thread_blocked, id=2140, stack(0x0000000002840000,0x0000000002940000)]
  0x000000001e501000 JavaThread "DiscoveryClient-CacheRefreshExecutor-0" daemon [_thread_blocked, id=3608, stack(0x0000000000ce0000,0x0000000000de0000)]
  0x000000001e4fd000 JavaThread "DestroyJavaVM" [_thread_blocked, id=6680, stack(0x0000000002c40000,0x0000000002d40000)]
  0x000000001e500000 JavaThread "http-nio-8091-AsyncTimeout" daemon [_thread_blocked, id=7464, stack(0x0000000027190000,0x0000000027290000)]
  0x000000001e4fc800 JavaThread "http-nio-8091-Acceptor-0" daemon [_thread_in_native, id=6488, stack(0x0000000027090000,0x0000000027190000)]
  0x000000001e4fe000 JavaThread "http-nio-8091-ClientPoller-1" daemon [_thread_in_native, id=8344, stack(0x0000000026f90000,0x0000000027090000)]
  0x000000001e501800 JavaThread "http-nio-8091-ClientPoller-0" daemon [_thread_in_native, id=7580, stack(0x0000000026e90000,0x0000000026f90000)]
  0x000000001a102000 JavaThread "http-nio-8091-exec-10" daemon [_thread_blocked, id=4568, stack(0x0000000026d90000,0x0000000026e90000)]
  0x000000001a101000 JavaThread "http-nio-8091-exec-9" daemon [_thread_blocked, id=11144, stack(0x0000000026c90000,0x0000000026d90000)]
  0x000000001a108000 JavaThread "http-nio-8091-exec-8" daemon [_thread_blocked, id=1536, stack(0x0000000026b90000,0x0000000026c90000)]
  0x000000001ac1d000 JavaThread "http-nio-8091-exec-7" daemon [_thread_blocked, id=10640, stack(0x0000000026a90000,0x0000000026b90000)]
  0x000000001ac1d800 JavaThread "http-nio-8091-exec-6" daemon [_thread_blocked, id=8864, stack(0x0000000026990000,0x0000000026a90000)]
  0x000000001ac1c000 JavaThread "http-nio-8091-exec-5" daemon [_thread_blocked, id=6268, stack(0x0000000026890000,0x0000000026990000)]
  0x000000001ac20000 JavaThread "http-nio-8091-exec-4" daemon [_thread_blocked, id=10676, stack(0x0000000026790000,0x0000000026890000)]
  0x000000001ac20800 JavaThread "http-nio-8091-exec-3" daemon [_thread_blocked, id=4308, stack(0x0000000026690000,0x0000000026790000)]
  0x000000001ac1b800 JavaThread "http-nio-8091-exec-2" daemon [_thread_blocked, id=6280, stack(0x0000000025f10000,0x0000000026010000)]
  0x000000001ac1f000 JavaThread "http-nio-8091-exec-1" daemon [_thread_blocked, id=3076, stack(0x00000000220a0000,0x00000000221a0000)]
  0x000000001ac1a800 JavaThread "NioBlockingSelector.BlockPoller-1" daemon [_thread_in_native, id=10396, stack(0x0000000021580000,0x0000000021680000)]
  0x000000001ac21800 JavaThread "DiscoveryClient-InstanceInfoReplicator-0" daemon [_thread_blocked, id=9800, stack(0x0000000025e10000,0x0000000025f10000)]
  0x000000001ac1e800 JavaThread "DiscoveryClient-1" daemon [_thread_blocked, id=6996, stack(0x0000000025d10000,0x0000000025e10000)]
  0x000000001ac13000 JavaThread "DiscoveryClient-0" daemon [_thread_blocked, id=5952, stack(0x0000000025c10000,0x0000000025d10000)]
  0x000000001ac1a000 JavaThread "AsyncResolver-bootstrap-0" daemon [_thread_blocked, id=8080, stack(0x0000000026040000,0x0000000026140000)]
  0x000000001ac14800 JavaThread "Eureka-JerseyClient-Conn-Cleaner2" daemon [_thread_blocked, id=5164, stack(0x00000000259d0000,0x0000000025ad0000)]
  0x000000001ac12800 JavaThread "File Watcher" daemon [_thread_blocked, id=520, stack(0x0000000025b10000,0x0000000025c10000)]
  0x000000001ac18800 JavaThread "SimplePauseDetectorThread_0" daemon [_thread_blocked, id=10900, stack(0x00000000237e0000,0x00000000238e0000)]
  0x000000001ac17000 JavaThread "Thread-8" daemon [_thread_blocked, id=9304, stack(0x00000000236e0000,0x00000000237e0000)]
  0x000000001ac14000 JavaThread "container-0" [_thread_blocked, id=5968, stack(0x00000000235e0000,0x00000000236e0000)]
  0x000000001ac19000 JavaThread "ContainerBackgroundProcessor[StandardEngine[Tomcat]]" daemon [_thread_blocked, id=6468, stack(0x0000000020c40000,0x0000000020d40000)]
  0x000000001ac17800 JavaThread "spring.cloud.inetutils" daemon [_thread_blocked, id=8900, stack(0x000000001f630000,0x000000001f730000)]
  0x000000001b9f8800 JavaThread "Abandoned connection cleanup thread" daemon [_thread_blocked, id=10652, stack(0x000000001bc30000,0x000000001bd30000)]
  0x0000000018968800 JavaThread "Service Thread" daemon [_thread_blocked, id=6684, stack(0x0000000018d50000,0x0000000018e50000)]
  0x000000001775c000 JavaThread "C1 CompilerThread1" daemon [_thread_blocked, id=9032, stack(0x0000000018850000,0x0000000018950000)]
=>0x0000000017757000 JavaThread "C2 CompilerThread0" daemon [_thread_in_native, id=9436, stack(0x0000000018750000,0x0000000018850000)]
  0x0000000017753800 JavaThread "Attach Listener" daemon [_thread_blocked, id=9588, stack(0x0000000018650000,0x0000000018750000)]
  0x0000000017752800 JavaThread "Signal Dispatcher" daemon [_thread_blocked, id=8012, stack(0x0000000018550000,0x0000000018650000)]
  0x000000001771e000 JavaThread "Finalizer" daemon [_thread_blocked, id=11164, stack(0x0000000018350000,0x0000000018450000)]
  0x0000000017712800 JavaThread "Reference Handler" daemon [_thread_blocked, id=10568, stack(0x0000000018250000,0x0000000018350000)]

Other Threads:
  0x00000000176eb800 VMThread [stack: 0x0000000018150000,0x0000000018250000] [id=11088]
  0x0000000018999000 WatcherThread [stack: 0x0000000018e50000,0x0000000018f50000] [id=9816]

VM state:not at safepoint (normal execution)

VM Mutex/Monitor currently owned by a thread: None

heap address: 0x0000000080000000, size: 2048 MB, Compressed Oops mode: 32-bit
Narrow klass base: 0x0000000000000000, Narrow klass shift: 3
Compressed class space size: 1073741824 Address: 0x0000000100000000

Heap:
 PSYoungGen      total 643072K, used 560659K [0x00000000d5580000, 0x00000000ffd00000, 0x0000000100000000)
  eden space 612864K, 88% used [0x00000000d5580000,0x00000000f69c8918,0x00000000fac00000)
  from space 30208K, 51% used [0x00000000fac00000,0x00000000fbb3c5b0,0x00000000fc980000)
  to   space 29184K, 0% used [0x00000000fe080000,0x00000000fe080000,0x00000000ffd00000)
 ParOldGen       total 137216K, used 91709K [0x0000000080000000, 0x0000000088600000, 0x00000000d5580000)
  object space 137216K, 66% used [0x0000000080000000,0x000000008598f7b0,0x0000000088600000)
 Metaspace       used 89586K, capacity 93326K, committed 93592K, reserved 1130496K
  class space    used 11762K, capacity 12372K, committed 12456K, reserved 1048576K

Card table byte_map: [0x0000000012100000,0x0000000012510000] byte_map_base: 0x0000000011d00000

Marking Bits: (ParMarkBitMap*) 0x000000005e2caf90
 Begin Bits: [0x00000000129c0000, 0x00000000149c0000)
 End Bits:   [0x00000000149c0000, 0x00000000169c0000)

Polling page: 0x0000000001070000

CodeCache: size=245760Kb used=33745Kb max_used=33752Kb free=212014Kb
 bounds [0x0000000002d40000, 0x0000000004e60000, 0x0000000011d40000]
 total_blobs=10795 nmethods=10145 adapters=562
 compilation: enabled

Compilation events (10 events):
Event: 560.090 Thread 0x000000001775c000 11991       3       com.fasterxml.jackson.databind.introspect.BasicClassIntrospector::forClassAnnotations (8 bytes)
Event: 560.090 Thread 0x000000001775c000 nmethod 11991 0x0000000004c6ff50 code [0x0000000004c700c0, 0x0000000004c70268]
Event: 560.090 Thread 0x000000001775c000 11992       3       com.fasterxml.jackson.databind.introspect.BasicClassIntrospector::forClassAnnotations (58 bytes)
Event: 560.091 Thread 0x000000001775c000 nmethod 11992 0x00000000039a0550 code [0x00000000039a0720, 0x00000000039a0e08]
Event: 560.091 Thread 0x000000001775c000 11994   !   3       com.fasterxml.jackson.databind.util.ClassUtil::checkAndFixAccess (113 bytes)
Event: 560.092 Thread 0x000000001775c000 nmethod 11994 0x000000000399db90 code [0x000000000399dec0, 0x000000000399f958]
Event: 560.092 Thread 0x000000001775c000 11995       3       com.fasterxml.jackson.databind.JavaType::isFinal (11 bytes)
Event: 560.092 Thread 0x000000001775c000 nmethod 11995 0x000000000399d650 code [0x000000000399d7c0, 0x000000000399da88]
Event: 560.093 Thread 0x000000001775c000 11993       3       com.fasterxml.jackson.core.io.SerializedString::<init> (24 bytes)
Event: 560.093 Thread 0x000000001775c000 nmethod 11993 0x000000000399d110 code [0x000000000399d280, 0x000000000399d548]

GC Heap History (10 events):
Event: 20.514 GC heap before
{Heap before GC invocations=16 (full 3):
 PSYoungGen      total 395264K, used 18257K [0x00000000d5580000, 0x00000000f6180000, 0x0000000100000000)
  eden space 375808K, 0% used [0x00000000d5580000,0x00000000d5580000,0x00000000ec480000)
  from space 19456K, 93% used [0x00000000ec480000,0x00000000ed654700,0x00000000ed780000)
  to   space 21504K, 0% used [0x00000000f4c80000,0x00000000f4c80000,0x00000000f6180000)
 ParOldGen       total 90112K, used 37879K [0x0000000080000000, 0x0000000085800000, 0x00000000d5580000)
  object space 90112K, 42% used [0x0000000080000000,0x00000000824fdfa8,0x0000000085800000)
 Metaspace       used 57163K, capacity 59046K, committed 59160K, reserved 1101824K
  class space    used 7306K, capacity 7680K, committed 7720K, reserved 1048576K
Event: 20.881 GC heap after
Heap after GC invocations=16 (full 3):
 PSYoungGen      total 395264K, used 0K [0x00000000d5580000, 0x00000000f6180000, 0x0000000100000000)
  eden space 375808K, 0% used [0x00000000d5580000,0x00000000d5580000,0x00000000ec480000)
  from space 19456K, 0% used [0x00000000ec480000,0x00000000ec480000,0x00000000ed780000)
  to   space 21504K, 0% used [0x00000000f4c80000,0x00000000f4c80000,0x00000000f6180000)
 ParOldGen       total 137216K, used 48292K [0x0000000080000000, 0x0000000088600000, 0x00000000d5580000)
  object space 137216K, 35% used [0x0000000080000000,0x0000000082f29040,0x0000000088600000)
 Metaspace       used 57156K, capacity 59034K, committed 59160K, reserved 1101824K
  class space    used 7305K, capacity 7678K, committed 7720K, reserved 1048576K
}
Event: 22.860 GC heap before
{Heap before GC invocations=17 (full 3):
 PSYoungGen      total 395264K, used 375808K [0x00000000d5580000, 0x00000000f6180000, 0x0000000100000000)
  eden space 375808K, 100% used [0x00000000d5580000,0x00000000ec480000,0x00000000ec480000)
  from space 19456K, 0% used [0x00000000ec480000,0x00000000ec480000,0x00000000ed780000)
  to   space 21504K, 0% used [0x00000000f4c80000,0x00000000f4c80000,0x00000000f6180000)
 ParOldGen       total 137216K, used 48292K [0x0000000080000000, 0x0000000088600000, 0x00000000d5580000)
  object space 137216K, 35% used [0x0000000080000000,0x0000000082f29040,0x0000000088600000)
 Metaspace       used 61941K, capacity 63898K, committed 64152K, reserved 1105920K
  class space    used 7888K, capacity 8264K, committed 8360K, reserved 1048576K
Event: 22.908 GC heap after
Heap after GC invocations=17 (full 3):
 PSYoungGen      total 497664K, used 18344K [0x00000000d5580000, 0x00000000f5e80000, 0x0000000100000000)
  eden space 479232K, 0% used [0x00000000d5580000,0x00000000d5580000,0x00000000f2980000)
  from space 18432K, 99% used [0x00000000f4c80000,0x00000000f5e6a378,0x00000000f5e80000)
  to   space 23552K, 0% used [0x00000000f3080000,0x00000000f3080000,0x00000000f4780000)
 ParOldGen       total 137216K, used 48292K [0x0000000080000000, 0x0000000088600000, 0x00000000d5580000)
  object space 137216K, 35% used [0x0000000080000000,0x0000000082f29040,0x0000000088600000)
 Metaspace       used 61941K, capacity 63898K, committed 64152K, reserved 1105920K
  class space    used 7888K, capacity 8264K, committed 8360K, reserved 1048576K
}
Event: 25.624 GC heap before
{Heap before GC invocations=18 (full 3):
 PSYoungGen      total 497664K, used 497576K [0x00000000d5580000, 0x00000000f5e80000, 0x0000000100000000)
  eden space 479232K, 100% used [0x00000000d5580000,0x00000000f2980000,0x00000000f2980000)
  from space 18432K, 99% used [0x00000000f4c80000,0x00000000f5e6a378,0x00000000f5e80000)
  to   space 23552K, 0% used [0x00000000f3080000,0x00000000f3080000,0x00000000f4780000)
 ParOldGen       total 137216K, used 48292K [0x0000000080000000, 0x0000000088600000, 0x00000000d5580000)
  object space 137216K, 35% used [0x0000000080000000,0x0000000082f29040,0x0000000088600000)
 Metaspace       used 65538K, capacity 67946K, committed 68120K, reserved 1107968K
  class space    used 8427K, capacity 8882K, committed 9000K, reserved 1048576K
Event: 25.689 GC heap after
Heap after GC invocations=18 (full 3):
 PSYoungGen      total 509952K, used 23525K [0x00000000d5580000, 0x00000000fe800000, 0x0000000100000000)
  eden space 486400K, 0% used [0x00000000d5580000,0x00000000d5580000,0x00000000f3080000)
  from space 23552K, 99% used [0x00000000f3080000,0x00000000f4779660,0x00000000f4780000)
  to   space 31232K, 0% used [0x00000000fc980000,0x00000000fc980000,0x00000000fe800000)
 ParOldGen       total 137216K, used 59793K [0x0000000080000000, 0x0000000088600000, 0x00000000d5580000)
  object space 137216K, 43% used [0x0000000080000000,0x0000000083a64678,0x0000000088600000)
 Metaspace       used 65538K, capacity 67946K, committed 68120K, reserved 1107968K
  class space    used 8427K, capacity 8882K, committed 9000K, reserved 1048576K
}
Event: 29.275 GC heap before
{Heap before GC invocations=19 (full 3):
 PSYoungGen      total 509952K, used 509925K [0x00000000d5580000, 0x00000000fe800000, 0x0000000100000000)
  eden space 486400K, 100% used [0x00000000d5580000,0x00000000f3080000,0x00000000f3080000)
  from space 23552K, 99% used [0x00000000f3080000,0x00000000f4779660,0x00000000f4780000)
  to   space 31232K, 0% used [0x00000000fc980000,0x00000000fc980000,0x00000000fe800000)
 ParOldGen       total 137216K, used 59793K [0x0000000080000000, 0x0000000088600000, 0x00000000d5580000)
  object space 137216K, 43% used [0x0000000080000000,0x0000000083a64678,0x0000000088600000)
 Metaspace       used 73212K, capacity 75828K, committed 76184K, reserved 1116160K
  class space    used 9584K, capacity 10057K, committed 10152K, reserved 1048576K
Event: 29.401 GC heap after
Heap after GC invocations=19 (full 3):
 PSYoungGen      total 644096K, used 15269K [0x00000000d5580000, 0x00000000ff700000, 0x0000000100000000)
  eden space 612864K, 0% used [0x00000000d5580000,0x00000000d5580000,0x00000000fac00000)
  from space 31232K, 48% used [0x00000000fc980000,0x00000000fd869760,0x00000000fe800000)
  to   space 30208K, 0% used [0x00000000fac00000,0x00000000fac00000,0x00000000fc980000)
 ParOldGen       total 137216K, used 83241K [0x0000000080000000, 0x0000000088600000, 0x00000000d5580000)
  object space 137216K, 60% used [0x0000000080000000,0x000000008514a6d0,0x0000000088600000)
 Metaspace       used 73212K, capacity 75828K, committed 76184K, reserved 1116160K
  class space    used 9584K, capacity 10057K, committed 10152K, reserved 1048576K
}
Event: 32.462 GC heap before
{Heap before GC invocations=20 (full 3):
 PSYoungGen      total 644096K, used 628133K [0x00000000d5580000, 0x00000000ff700000, 0x0000000100000000)
  eden space 612864K, 100% used [0x00000000d5580000,0x00000000fac00000,0x00000000fac00000)
  from space 31232K, 48% used [0x00000000fc980000,0x00000000fd869760,0x00000000fe800000)
  to   space 30208K, 0% used [0x00000000fac00000,0x00000000fac00000,0x00000000fc980000)
 ParOldGen       total 137216K, used 83241K [0x0000000080000000, 0x0000000088600000, 0x00000000d5580000)
  object space 137216K, 60% used [0x0000000080000000,0x000000008514a6d0,0x0000000088600000)
 Metaspace       used 77825K, capacity 80778K, committed 80920K, reserved 1120256K
  class space    used 10250K, capacity 10772K, committed 10792K, reserved 1048576K
Event: 32.567 GC heap after
Heap after GC invocations=20 (full 3):
 PSYoungGen      total 643072K, used 15601K [0x00000000d5580000, 0x00000000ffd00000, 0x0000000100000000)
  eden space 612864K, 0% used [0x00000000d5580000,0x00000000d5580000,0x00000000fac00000)
  from space 30208K, 51% used [0x00000000fac00000,0x00000000fbb3c5b0,0x00000000fc980000)
  to   space 29184K, 0% used [0x00000000fe080000,0x00000000fe080000,0x00000000ffd00000)
 ParOldGen       total 137216K, used 91709K [0x0000000080000000, 0x0000000088600000, 0x00000000d5580000)
  object space 137216K, 66% used [0x0000000080000000,0x000000008598f7b0,0x0000000088600000)
 Metaspace       used 77825K, capacity 80778K, committed 80920K, reserved 1120256K
  class space    used 10250K, capacity 10772K, committed 10792K, reserved 1048576K
}

Deoptimization events (10 events):
Event: 35.985 Thread 0x000000001a717800 Uncommon trap: reason=unstable_if action=reinterpret pc=0x0000000003522d34 method=org.springframework.util.ConcurrentReferenceHashMap$Segment.restructureIfNecessary(Z)V @ 33
Event: 64.109 Thread 0x000000001e501000 Uncommon trap: reason=bimorphic action=maybe_recompile pc=0x00000000035c206c method=java.util.zip.InflaterInputStream.read([BII)I @ 100
Event: 64.110 Thread 0x000000001e501000 Uncommon trap: reason=bimorphic action=maybe_recompile pc=0x00000000035c206c method=java.util.zip.InflaterInputStream.read([BII)I @ 100
Event: 64.141 Thread 0x000000001e4fb000 Uncommon trap: reason=unstable_if action=reinterpret pc=0x0000000004056cdc method=java.io.BufferedInputStream.read1([BII)I @ 29
Event: 551.212 Thread 0x000000001a102000 Uncommon trap: reason=unstable_if action=reinterpret pc=0x0000000004bf8a04 method=java.util.regex.Pattern$7.isSatisfiedBy(I)Z @ 19
Event: 551.324 Thread 0x000000001a102000 Uncommon trap: reason=null_check action=make_not_entrant pc=0x0000000003dd4198 method=org.springframework.util.ClassUtils.isAssignable(Ljava/lang/Class;Ljava/lang/Class;)Z @ 14
Event: 551.324 Thread 0x000000001a102000 Uncommon trap: reason=null_check action=make_not_entrant pc=0x0000000004a9ae58 method=java.lang.Class.privateGetMethodRecursive(Ljava/lang/String;[Ljava/lang/Class;ZLjava/lang/Class$MethodArray;)Ljava/lang/reflect/Method; @ 35
Event: 551.522 Thread 0x000000001a101000 Uncommon trap: reason=unstable_if action=reinterpret pc=0x000000000399f150 method=org.springframework.core.annotation.AnnotationUtils.findAnnotation(Ljava/lang/reflect/AnnotatedElement;Ljava/lang/Class;Ljava/util/Set;)Ljava/lang/annotation/Annotation; @ 8
Event: 559.656 Thread 0x000000001ac1d800 Uncommon trap: reason=unstable_if action=reinterpret pc=0x000000000385cd00 method=java.nio.Buffer.limit(I)Ljava/nio/Buffer; @ 33
Event: 559.878 Thread 0x000000001ac1f000 Uncommon trap: reason=unstable_if action=reinterpret pc=0x000000000326f0e4 method=java.lang.reflect.Field.acquireFieldAccessor(Z)Lsun/reflect/FieldAccessor; @ 19

Classes redefined (0 events):
No events

Internal exceptions (10 events):
Event: 551.089 Thread 0x000000001a102000 Exception <a 'java/lang/ClassNotFoundException': java/lang/ObjectCustomizer> (0x00000000f253e488) thrown at [C:\jenkins\workspace\8-2-build-windows-amd64-cygwin\jdk8u251\737\hotspot\src\share\vm\classfile\systemDictionary.cpp, line 210]
Event: 551.091 Thread 0x000000001a102000 Exception <a 'java/lang/ClassNotFoundException': org/springframework/web/servlet/support/AbstractFlashMapManagerCustomizer> (0x00000000f25a7648) thrown at [C:\jenkins\workspace\8-2-build-windows-amd64-cygwin\jdk8u251\737\hotspot\src\share\vm\classfile\sys
Event: 551.097 Thread 0x000000001a102000 Exception <a 'java/lang/ClassNotFoundException': org/springframework/web/servlet/support/SessionFlashMapManagerCustomizer> (0x00000000f2614720) thrown at [C:\jenkins\workspace\8-2-build-windows-amd64-cygwin\jdk8u251\737\hotspot\src\share\vm\classfile\syst
Event: 551.099 Thread 0x000000001a102000 Exception <a 'java/lang/ClassNotFoundException': org/springframework/web/servlet/FlashMapManagerCustomizer> (0x00000000f266b840) thrown at [C:\jenkins\workspace\8-2-build-windows-amd64-cygwin\jdk8u251\737\hotspot\src\share\vm\classfile\systemDictionary.cp
Event: 551.484 Thread 0x000000001a101000 Exception <a 'java/lang/ClassNotFoundException': java/lang/ObjectCustomizer> (0x00000000f2fb4e68) thrown at [C:\jenkins\workspace\8-2-build-windows-amd64-cygwin\jdk8u251\737\hotspot\src\share\vm\classfile\systemDictionary.cpp, line 210]
Event: 551.485 Thread 0x000000001a101000 Exception <a 'java/lang/ClassNotFoundException': org/springframework/security/oauth2/client/DefaultOAuth2ClientContextCustomizer> (0x00000000f30273b0) thrown at [C:\jenkins\workspace\8-2-build-windows-amd64-cygwin\jdk8u251\737\hotspot\src\share\vm\classfi
Event: 551.494 Thread 0x000000001a101000 Exception <a 'java/lang/ClassNotFoundException': org/springframework/security/oauth2/client/OAuth2ClientContextCustomizer> (0x00000000f3096bb8) thrown at [C:\jenkins\workspace\8-2-build-windows-amd64-cygwin\jdk8u251\737\hotspot\src\share\vm\classfile\syst
Event: 551.512 Thread 0x000000001a101000 Exception <a 'java/lang/ClassNotFoundException': java/lang/ObjectCustomizer> (0x00000000f3150488) thrown at [C:\jenkins\workspace\8-2-build-windows-amd64-cygwin\jdk8u251\737\hotspot\src\share\vm\classfile\systemDictionary.cpp, line 210]
Event: 551.514 Thread 0x000000001a101000 Exception <a 'java/lang/ClassNotFoundException': org/springframework/security/oauth2/client/token/DefaultAccessTokenRequestCustomizer> (0x00000000f31c8d98) thrown at [C:\jenkins\workspace\8-2-build-windows-amd64-cygwin\jdk8u251\737\hotspot\src\share\vm\cl
Event: 551.516 Thread 0x000000001a101000 Exception <a 'java/lang/ClassNotFoundException': org/springframework/security/oauth2/client/token/AccessTokenRequestCustomizer> (0x00000000f327ba18) thrown at [C:\jenkins\workspace\8-2-build-windows-amd64-cygwin\jdk8u251\737\hotspot\src\share\vm\classfile

Events (10 events):
Event: 560.064 Executing VM operation: RevokeBias
Event: 560.064 Executing VM operation: RevokeBias done
Event: 560.064 Executing VM operation: RevokeBias
Event: 560.065 Executing VM operation: RevokeBias done
Event: 560.079 Thread 0x000000001775c000 flushing nmethod 0x000000000399b990
Event: 560.089 Thread 0x000000001775c000 flushing nmethod 0x0000000004c6ff50
Event: 560.089 Thread 0x000000001775c000 flushing nmethod 0x0000000004ca46d0
Event: 560.089 Thread 0x000000001775c000 flushing nmethod 0x0000000004ca6ed0
Event: 560.092 Executing VM operation: RevokeBias
Event: 560.092 Executing VM operation: RevokeBias done


Dynamic libraries:
0x00007ff6784f0000 - 0x00007ff678527000 	C:\Program Files\Java\jdk1.8.0_251\bin\javaw.exe
0x00007ff9affd0000 - 0x00007ff9b01c5000 	C:\WINDOWS\SYSTEM32\ntdll.dll
0x00007ff9afae0000 - 0x00007ff9afb9e000 	C:\WINDOWS\System32\KERNEL32.DLL
0x00007ff9ad7a0000 - 0x00007ff9ada68000 	C:\WINDOWS\System32\KERNELBASE.dll
0x00007ff9afc80000 - 0x00007ff9afd2c000 	C:\WINDOWS\System32\ADVAPI32.dll
0x00007ff9af7c0000 - 0x00007ff9af85e000 	C:\WINDOWS\System32\msvcrt.dll
0x00007ff9af860000 - 0x00007ff9af8fb000 	C:\WINDOWS\System32\sechost.dll
0x00007ff9ae1c0000 - 0x00007ff9ae2ea000 	C:\WINDOWS\System32\RPCRT4.dll
0x00007ff9ae010000 - 0x00007ff9ae1b1000 	C:\WINDOWS\System32\USER32.dll
0x00007ff9adf80000 - 0x00007ff9adfa2000 	C:\WINDOWS\System32\win32u.dll
0x00007ff9af5d0000 - 0x00007ff9af5fb000 	C:\WINDOWS\System32\GDI32.dll
0x00007ff9adac0000 - 0x00007ff9adbcd000 	C:\WINDOWS\System32\gdi32full.dll
0x00007ff9add80000 - 0x00007ff9ade1d000 	C:\WINDOWS\System32\msvcp_win.dll
0x00007ff9adc80000 - 0x00007ff9add80000 	C:\WINDOWS\System32\ucrtbase.dll
0x00007ff98e8f0000 - 0x00007ff98eb8a000 	C:\WINDOWS\WinSxS\amd64_microsoft.windows.common-controls_6595b64144ccf1df_6.0.19041.1110_none_60b5254171f9507e\COMCTL32.dll
0x00007ff9af590000 - 0x00007ff9af5c0000 	C:\WINDOWS\System32\IMM32.DLL
0x000000005e350000 - 0x000000005e422000 	C:\Program Files\Java\jdk1.8.0_251\jre\bin\msvcr100.dll
0x000000005daa0000 - 0x000000005e34b000 	C:\Program Files\Java\jdk1.8.0_251\jre\bin\server\jvm.dll
0x00007ff9af5c0000 - 0x00007ff9af5c8000 	C:\WINDOWS\System32\PSAPI.DLL
0x00007ff9a9110000 - 0x00007ff9a9119000 	C:\WINDOWS\SYSTEM32\WSOCK32.dll
0x00007ff9af520000 - 0x00007ff9af58b000 	C:\WINDOWS\System32\WS2_32.dll
0x00007ff996d20000 - 0x00007ff996d47000 	C:\WINDOWS\SYSTEM32\WINMM.dll
0x00007ff9a2b90000 - 0x00007ff9a2b9a000 	C:\WINDOWS\SYSTEM32\VERSION.dll
0x00007ff98bd00000 - 0x00007ff98bd0f000 	C:\Program Files\Java\jdk1.8.0_251\jre\bin\verify.dll
0x00007ff98bcd0000 - 0x00007ff98bcf9000 	C:\Program Files\Java\jdk1.8.0_251\jre\bin\java.dll
0x00007ff98bcb0000 - 0x00007ff98bcc6000 	C:\Program Files\Java\jdk1.8.0_251\jre\bin\zip.dll
0x00007ff9ae370000 - 0x00007ff9aeab4000 	C:\WINDOWS\System32\SHELL32.dll
0x00007ff9ab7f0000 - 0x00007ff9abf84000 	C:\WINDOWS\SYSTEM32\windows.storage.dll
0x00007ff9af1c0000 - 0x00007ff9af515000 	C:\WINDOWS\System32\combase.dll
0x00007ff9ad060000 - 0x00007ff9ad08e000 	C:\WINDOWS\SYSTEM32\Wldp.dll
0x00007ff9afa30000 - 0x00007ff9afadd000 	C:\WINDOWS\System32\SHCORE.dll
0x00007ff9aef40000 - 0x00007ff9aef95000 	C:\WINDOWS\System32\shlwapi.dll
0x00007ff9ad620000 - 0x00007ff9ad63f000 	C:\WINDOWS\SYSTEM32\profapi.dll
0x00007ff98bbb0000 - 0x00007ff98bbca000 	C:\Program Files\Java\jdk1.8.0_251\jre\bin\net.dll
0x00007ff9acdc0000 - 0x00007ff9ace2a000 	C:\WINDOWS\system32\mswsock.dll
0x00007ff9acab0000 - 0x00007ff9acaeb000 	C:\WINDOWS\SYSTEM32\IPHLPAPI.DLL
0x00007ff9af150000 - 0x00007ff9af158000 	C:\WINDOWS\System32\NSI.dll
0x00007ff9a63a0000 - 0x00007ff9a63b7000 	C:\WINDOWS\SYSTEM32\dhcpcsvc6.DLL
0x00007ff9a6380000 - 0x00007ff9a639d000 	C:\WINDOWS\SYSTEM32\dhcpcsvc.DLL
0x00007ff9acb00000 - 0x00007ff9acbcb000 	C:\WINDOWS\SYSTEM32\DNSAPI.dll
0x00007ff9a1c10000 - 0x00007ff9a1c1a000 	C:\Windows\System32\rasadhlp.dll
0x00007ff9a20f0000 - 0x00007ff9a216f000 	C:\WINDOWS\System32\fwpuclnt.dll
0x00007ff9ad6e0000 - 0x00007ff9ad707000 	C:\WINDOWS\System32\bcrypt.dll
0x00007ff98bca0000 - 0x00007ff98bcad000 	C:\Program Files\Java\jdk1.8.0_251\jre\bin\management.dll
0x00007ff99b620000 - 0x00007ff99b637000 	C:\WINDOWS\system32\napinsp.dll
0x00007ff99b5c0000 - 0x00007ff99b5db000 	C:\WINDOWS\system32\pnrpnsp.dll
0x00007ff99b5a0000 - 0x00007ff99b5b5000 	C:\WINDOWS\system32\wshbth.dll
0x00007ff9a8fe0000 - 0x00007ff9a8ffd000 	C:\WINDOWS\system32\NLAapi.dll
0x00007ff999d20000 - 0x00007ff999d32000 	C:\WINDOWS\System32\winrnr.dll
0x00007ff9a3280000 - 0x00007ff9a3292000 	C:\Program Files\Java\jdk1.8.0_251\jre\bin\nio.dll
0x00007ff9acfb0000 - 0x00007ff9acfc8000 	C:\WINDOWS\SYSTEM32\CRYPTSP.dll
0x00007ff9ac740000 - 0x00007ff9ac774000 	C:\WINDOWS\system32\rsaenh.dll
0x00007ff9ad5a0000 - 0x00007ff9ad5ce000 	C:\WINDOWS\SYSTEM32\USERENV.dll
0x00007ff9ad710000 - 0x00007ff9ad792000 	C:\WINDOWS\System32\bcryptprimitives.dll
0x00007ff9acfd0000 - 0x00007ff9acfdc000 	C:\WINDOWS\SYSTEM32\CRYPTBASE.dll
0x00007ff995f00000 - 0x00007ff995f24000 	C:\Program Files\Java\jdk1.8.0_251\jre\bin\sunec.dll

VM Arguments:
jvm_args: -Dfile.encoding=UTF-8 
java_command: com.discom.springboot.AdminApp
java_class_path (initial): C:\Development\Scheduling\Java code\admin-service\target\classes;C:\Users\gaurav\.m2\repository\org\springframework\boot\spring-boot-starter-web\2.0.6.RELEASE\spring-boot-starter-web-2.0.6.RELEASE.jar;C:\Users\gaurav\.m2\repository\org\springframework\boot\spring-boot-starter\2.0.6.RELEASE\spring-boot-starter-2.0.6.RELEASE.jar;C:\Users\gaurav\.m2\repository\org\springframework\boot\spring-boot-starter-logging\2.0.6.RELEASE\spring-boot-starter-logging-2.0.6.RELEASE.jar;C:\Users\gaurav\.m2\repository\org\apache\logging\log4j\log4j-to-slf4j\2.10.0\log4j-to-slf4j-2.10.0.jar;C:\Users\gaurav\.m2\repository\org\apache\logging\log4j\log4j-api\2.10.0\log4j-api-2.10.0.jar;C:\Users\gaurav\.m2\repository\javax\annotation\javax.annotation-api\1.3.2\javax.annotation-api-1.3.2.jar;C:\Users\gaurav\.m2\repository\org\yaml\snakeyaml\1.19\snakeyaml-1.19.jar;C:\Users\gaurav\.m2\repository\org\springframework\boot\spring-boot-starter-json\2.0.6.RELEASE\spring-boot-starter-json-2.0.6.RELEASE.jar;C:\Users\gaurav\.m2\repository\com\fasterxml\jackson\datatype\jackson-datatype-jdk8\2.9.7\jackson-datatype-jdk8-2.9.7.jar;C:\Users\gaurav\.m2\repository\com\fasterxml\jackson\datatype\jackson-datatype-jsr310\2.9.7\jackson-datatype-jsr310-2.9.7.jar;C:\Users\gaurav\.m2\repository\com\fasterxml\jackson\module\jackson-module-parameter-names\2.9.7\jackson-module-parameter-names-2.9.7.jar;C:\Users\gaurav\.m2\repository\org\springframework\boot\spring-boot-starter-tomcat\2.0.6.RELEASE\spring-boot-starter-tomcat-2.0.6.RELEASE.jar;C:\Users\gaurav\.m2\repository\org\apache\tomcat\embed\tomcat-embed-websocket\8.5.34\tomcat-embed-websocket-8.5.34.jar;C:\Users\gaurav\.m2\repository\org\hibernate\validator\hibernate-validator\6.0.13.Final\hibernate-validator-6.0.13.Final.jar;C:\Users\gaurav\.m2\repository\org\springframework\spring-web\5.0.10.RELEASE\spring-web-5.0.10.RELEASE.jar;C:\Users\gaurav\.m2\repository\org\springframework\spring-webmvc\5.0.10.RELEASE\spring-webmvc-5.0.10.RE
Launcher Type: SUN_STANDARD

Environment Variables:
PATH=C:/STS/sts-4.13.0.RELEASE//plugins/org.eclipse.justj.openjdk.hotspot.jre.full.win32.x86_64_17.0.1.v20211116-1657/jre/bin/server;C:/STS/sts-4.13.0.RELEASE//plugins/org.eclipse.justj.openjdk.hotspot.jre.full.win32.x86_64_17.0.1.v20211116-1657/jre/bin;C:\Program Files\Microsoft\jdk-11.0.13.8-hotspot\bin;C:\Python39\Scripts\;C:\Python39\;C:\Users\gaurav\AppData\Roaming\ActiveState\bin;C:\Program Files (x86)\Common Files\Oracle\Java\javapath;C:\windows\system32;C:\windows;C:\windows\System32\Wbem;C:\windows\System32\WindowsPowerShell\v1.0\;C:\windows\System32\OpenSSH\;C:\Program Files\TortoiseSVN\bin;C:\WINDOWS\system32;C:\WINDOWS;C:\WINDOWS\System32\Wbem;C:\WINDOWS\System32\WindowsPowerShell\v1.0\;C:\WINDOWS\System32\OpenSSH\;C:\Program Files\PuTTY\;C:\Program Files\nodejs\;C:\ProgramData\chocolatey\bin;C:\Users\gaurav\AppData\Local\Microsoft\WindowsApps;;C:\Program Files\JetBrains\IntelliJ IDEA 2019.3.4\bin;;C:\Users\gaurav\AppData\Local\Programs\Microsoft VS Code\bin;C:\Users\gaurav\AppData\Roaming\npm;C:\STS\sts-4.13.0.RELEASE;
USERNAME=gaurav
OS=Windows_NT
PROCESSOR_IDENTIFIER=Intel64 Family 6 Model 85 Stepping 7, GenuineIntel



---------------  S Y S T E M  ---------------

OS: Windows 10.0 , 64 bit Build 19041 (10.0.19041.1348)

CPU:total 2 (initial active 2) (2 cores per cpu, 1 threads per core) family 6 model 85 stepping 7, cmov, cx8, fxsr, mmx, sse, sse2, sse3, ssse3, sse4.1, sse4.2, popcnt, avx, avx2, aes, clmul, erms, rtm, 3dnowpref, lzcnt, tsc, bmi1, bmi2, adx

Memory: 4k page, physical 8388148k(1915364k free), swap 10485040k(5416k free)

vm_info: Java HotSpot(TM) 64-Bit Server VM (25.251-b08) for windows-amd64 JRE (1.8.0_251-b08), built on Mar 12 2020 06:31:49 by "" with MS VC++ 10.0 (VS2010)

time: Thu Jan 06 03:18:36 2022
timezone: India Standard Time
elapsed time: 560 seconds (0d 0h 9m 20s)

